<?xml version="1.0" encoding="UTF-8"?>
<robot generator="Robot 7.2.2 (Python 3.12.3 on win32)" generated="2025-02-20T17:33:22.398044" rpa="false" schemaversion="5">
<suite id="s1" name="Treinamento Automacao" source="D:\Estudo_ QA\treinamento_automacao">
<suite id="s1-s1" name="Tests" source="D:\Estudo_ QA\treinamento_automacao\Tests">
<suite id="s1-s1-s1" name="Suites" source="D:\Estudo_ QA\treinamento_automacao\Tests\Suites">
<suite id="s1-s1-s1-s1" name="Test cadastro cliente" source="D:\Estudo_ QA\treinamento_automacao\Tests\Suites\Test_cadastro_cliente.robot">
<test id="s1-s1-s1-s1-t1" name="Cenário de teste 01: Validando Home Page" line="14">
<kw name="Abrir Navegador" owner="Hooks" type="SETUP">
<kw name="Open Browser" owner="SeleniumLibrary">
<msg time="2025-02-20T17:33:22.638725" level="INFO">Opening browser 'chrome' to base url 'https://automationpratice.com.br'.</msg>
<arg>${URL}</arg>
<arg>${BROWSER}</arg>
<doc>Opens a new browser instance to the optional ``url``.</doc>
<status status="PASS" start="2025-02-20T17:33:22.638725" elapsed="1.952022"/>
</kw>
<kw name="Maximize Browser Window" owner="SeleniumLibrary">
<doc>Maximizes current browser window.</doc>
<status status="PASS" start="2025-02-20T17:33:24.590747" elapsed="0.037561"/>
</kw>
<status status="PASS" start="2025-02-20T17:33:22.638725" elapsed="1.990583"/>
</kw>
<kw name="Deve conter o título do site" owner="Page_cadastro_cliente">
<kw name="Title Should Be" owner="SeleniumLibrary">
<msg time="2025-02-20T17:33:24.641166" level="INFO">Page title is 'QAZANDO Shop E-Commerce'.</msg>
<arg>QAZANDO Shop E-Commerce</arg>
<doc>Verifies that the current page title equals ``title``.</doc>
<status status="PASS" start="2025-02-20T17:33:24.630312" elapsed="0.010854"/>
</kw>
<kw name="Sleep" owner="BuiltIn">
<msg time="2025-02-20T17:33:29.641709" level="INFO">Slept 5 seconds.</msg>
<arg>5s</arg>
<doc>Pauses the test executed for the given time.</doc>
<status status="PASS" start="2025-02-20T17:33:24.641166" elapsed="5.000543"/>
</kw>
<status status="PASS" start="2025-02-20T17:33:24.629308" elapsed="5.012401"/>
</kw>
<kw name="Fechar Navegador" owner="Hooks" type="TEARDOWN">
<kw name="Close Browser" owner="SeleniumLibrary">
<doc>Closes the current browser.</doc>
<status status="PASS" start="2025-02-20T17:33:29.641709" elapsed="2.255327"/>
</kw>
<status status="PASS" start="2025-02-20T17:33:29.641709" elapsed="2.255327"/>
</kw>
<tag>Validar_title_da_page</tag>
<status status="PASS" start="2025-02-20T17:33:22.623702" elapsed="9.274628"/>
</test>
<test id="s1-s1-s1-s1-t2" name="Cenário de teste 02: Cadstrando Usuario com dados validos" line="18">
<kw name="Abrir Navegador" owner="Hooks" type="SETUP">
<kw name="Open Browser" owner="SeleniumLibrary">
<msg time="2025-02-20T17:33:31.899199" level="INFO">Opening browser 'chrome' to base url 'https://automationpratice.com.br'.</msg>
<arg>${URL}</arg>
<arg>${BROWSER}</arg>
<doc>Opens a new browser instance to the optional ``url``.</doc>
<status status="PASS" start="2025-02-20T17:33:31.899199" elapsed="1.877738"/>
</kw>
<kw name="Maximize Browser Window" owner="SeleniumLibrary">
<doc>Maximizes current browser window.</doc>
<status status="PASS" start="2025-02-20T17:33:33.776937" elapsed="0.030115"/>
</kw>
<status status="PASS" start="2025-02-20T17:33:31.899199" elapsed="1.907853"/>
</kw>
<kw name="Deve conter o título do site" owner="Page_cadastro_cliente">
<kw name="Title Should Be" owner="SeleniumLibrary">
<msg time="2025-02-20T17:33:33.817365" level="INFO">Page title is 'QAZANDO Shop E-Commerce'.</msg>
<arg>QAZANDO Shop E-Commerce</arg>
<doc>Verifies that the current page title equals ``title``.</doc>
<status status="PASS" start="2025-02-20T17:33:33.808054" elapsed="0.009311"/>
</kw>
<kw name="Sleep" owner="BuiltIn">
<msg time="2025-02-20T17:33:38.818922" level="INFO">Slept 5 seconds.</msg>
<arg>5s</arg>
<doc>Pauses the test executed for the given time.</doc>
<status status="PASS" start="2025-02-20T17:33:33.818363" elapsed="5.000559"/>
</kw>
<status status="PASS" start="2025-02-20T17:33:33.808054" elapsed="5.010868"/>
</kw>
<kw name="Aguardar o elemento de texto cilcavel esteja visivel" owner="Page_cadastro_cliente">
<kw name="Wait Until Element Is Visible" owner="SeleniumLibrary">
<arg>xpath=//a[contains(.,'Cadastro')]</arg>
<doc>Waits until the element ``locator`` is visible.</doc>
<status status="PASS" start="2025-02-20T17:33:38.818922" elapsed="0.036732"/>
</kw>
<status status="PASS" start="2025-02-20T17:33:38.818922" elapsed="0.036732"/>
</kw>
<kw name="Deve poder clilcar no texto clicavel" owner="Page_cadastro_cliente">
<kw name="Click Element" owner="SeleniumLibrary">
<msg time="2025-02-20T17:33:38.855654" level="INFO">Clicking element 'xpath=//a[contains(.,'Cadastro')]'.</msg>
<arg>xpath=//a[contains(.,'Cadastro')]</arg>
<doc>Click the element identified by ``locator``.</doc>
<status status="PASS" start="2025-02-20T17:33:38.855654" elapsed="0.105200"/>
</kw>
<status status="PASS" start="2025-02-20T17:33:38.855654" elapsed="0.105200"/>
</kw>
<kw name="Validando se a tela é a correta Titulo da Pagina" owner="Page_cadastro_cliente">
<kw name="Wait Until Element Contains" owner="SeleniumLibrary">
<arg>xpath=//h3[contains(.,'Cadastro de usuário')]</arg>
<arg>Cadastro de usuário</arg>
<doc>Waits until the element ``locator`` contains ``text``.</doc>
<status status="PASS" start="2025-02-20T17:33:38.961853" elapsed="0.436933"/>
</kw>
<status status="PASS" start="2025-02-20T17:33:38.961853" elapsed="0.436933"/>
</kw>
<kw name="Aguardar o elemento do campo Nome ficar visível" owner="Page_cadastro_cliente">
<kw name="Wait Until Element Is Visible" owner="SeleniumLibrary">
<arg>xpath=//input[contains(@id,'user')]</arg>
<arg>10s</arg>
<doc>Waits until the element ``locator`` is visible.</doc>
<status status="PASS" start="2025-02-20T17:33:39.398786" elapsed="0.015741"/>
</kw>
<status status="PASS" start="2025-02-20T17:33:39.398786" elapsed="0.015741"/>
</kw>
<kw name="Deve poder digitar no campo Nome" owner="Page_cadastro_cliente">
<kw name="Input Text" owner="SeleniumLibrary">
<msg time="2025-02-20T17:33:39.414527" level="INFO">Typing text 'João da Silva' into text field 'xpath=//input[contains(@id,'user')]'.</msg>
<arg>xpath=//input[contains(@id,'user')]</arg>
<arg>João da Silva</arg>
<doc>Types the given ``text`` into the text field identified by ``locator``.</doc>
<status status="PASS" start="2025-02-20T17:33:39.414527" elapsed="0.072725"/>
</kw>
<status status="PASS" start="2025-02-20T17:33:39.414527" elapsed="0.072725"/>
</kw>
<kw name="Deve poder digitar no campo email" owner="Page_cadastro_cliente">
<kw name="Input Text" owner="SeleniumLibrary">
<msg time="2025-02-20T17:33:39.487252" level="INFO">Typing text '0Y4YU@example.com' into text field 'xpath=//input[contains(@id,'email')]'.</msg>
<arg>xpath=//input[contains(@id,'email')]</arg>
<arg>0Y4YU@example.com</arg>
<doc>Types the given ``text`` into the text field identified by ``locator``.</doc>
<status status="PASS" start="2025-02-20T17:33:39.487252" elapsed="0.068818"/>
</kw>
<status status="PASS" start="2025-02-20T17:33:39.487252" elapsed="0.068818"/>
</kw>
<kw name="Deve poder digitar no campo senha" owner="Page_cadastro_cliente">
<kw name="Input Text" owner="SeleniumLibrary">
<msg time="2025-02-20T17:33:39.556070" level="INFO">Typing text '123456' into text field 'xpath=//input[contains(@id,'password')]'.</msg>
<arg>xpath=//input[contains(@id,'password')]</arg>
<arg>123456</arg>
<doc>Types the given ``text`` into the text field identified by ``locator``.</doc>
<status status="PASS" start="2025-02-20T17:33:39.556070" elapsed="0.066433"/>
</kw>
<status status="PASS" start="2025-02-20T17:33:39.556070" elapsed="0.066433"/>
</kw>
<kw name="Deve poder clicar no botao cadastrar" owner="Page_cadastro_cliente">
<kw name="Click Element" owner="SeleniumLibrary">
<msg time="2025-02-20T17:33:39.622503" level="INFO">Clicking element 'xpath=//button[contains(@id,'btnRegister')]'.</msg>
<arg>xpath=//button[contains(@id,'btnRegister')]</arg>
<doc>Click the element identified by ``locator``.</doc>
<status status="PASS" start="2025-02-20T17:33:39.622503" elapsed="0.068251"/>
</kw>
<status status="PASS" start="2025-02-20T17:33:39.622503" elapsed="0.068251"/>
</kw>
<kw name="Deve validar o sucesso do cadastro" owner="Page_cadastro_cliente">
<kw name="Wait Until Element Is Visible" owner="SeleniumLibrary">
<arg>xpath=//h2[@class='swal2-title'][contains(.,'Cadastro realizado!')]</arg>
<doc>Waits until the element ``locator`` is visible.</doc>
<status status="PASS" start="2025-02-20T17:33:39.691754" elapsed="0.020672"/>
</kw>
<kw name="Element Text Should Be" owner="SeleniumLibrary">
<msg time="2025-02-20T17:33:39.713460" level="INFO">Verifying element 'xpath=//h2[@class='swal2-title'][contains(.,'Cadastro realizado!')]' contains exact text 'Cadastro realizado!'.</msg>
<arg>xpath=//h2[@class='swal2-title'][contains(.,'Cadastro realizado!')]</arg>
<arg>Cadastro realizado!</arg>
<doc>Verifies that element ``locator`` contains exact the text ``expected``.</doc>
<status status="PASS" start="2025-02-20T17:33:39.712426" elapsed="0.010898"/>
</kw>
<status status="PASS" start="2025-02-20T17:33:39.690754" elapsed="0.032570"/>
</kw>
<kw name="Fechar Navegador" owner="Hooks" type="TEARDOWN">
<kw name="Close Browser" owner="SeleniumLibrary">
<doc>Closes the current browser.</doc>
<status status="PASS" start="2025-02-20T17:33:39.723324" elapsed="2.241600"/>
</kw>
<status status="PASS" start="2025-02-20T17:33:39.723324" elapsed="2.241600"/>
</kw>
<tag>Validar_cadastro_com_dados_validos</tag>
<status status="PASS" start="2025-02-20T17:33:31.899199" elapsed="10.066728"/>
</test>
<doc>Aqui ficarão todos os cenários</doc>
<status status="PASS" start="2025-02-20T17:33:22.418042" elapsed="19.547885"/>
</suite>
<status status="PASS" start="2025-02-20T17:33:22.418042" elapsed="19.548883"/>
</suite>
<status status="PASS" start="2025-02-20T17:33:22.418042" elapsed="19.549883"/>
</suite>
<status status="PASS" start="2025-02-20T17:33:22.399596" elapsed="19.568329"/>
</suite>
<statistics>
<total>
<stat pass="2" fail="0" skip="0">All Tests</stat>
</total>
<tag>
<stat pass="1" fail="0" skip="0">Validar_cadastro_com_dados_validos</stat>
<stat pass="1" fail="0" skip="0">Validar_title_da_page</stat>
</tag>
<suite>
<stat name="Treinamento Automacao" id="s1" pass="2" fail="0" skip="0">Treinamento Automacao</stat>
<stat name="Tests" id="s1-s1" pass="2" fail="0" skip="0">Treinamento Automacao.Tests</stat>
<stat name="Suites" id="s1-s1-s1" pass="2" fail="0" skip="0">Treinamento Automacao.Tests.Suites</stat>
<stat name="Test cadastro cliente" id="s1-s1-s1-s1" pass="2" fail="0" skip="0">Treinamento Automacao.Tests.Suites.Test cadastro cliente</stat>
</suite>
</statistics>
<errors>
</errors>
</robot>
