<?xml version="1.0" encoding="UTF-8"?>
<robot generator="Robot 7.2.2 (Python 3.12.3 on win32)" generated="2025-02-20T17:31:16.776198" rpa="false" schemaversion="5">
<suite id="s1" name="Treinamento Automacao" source="D:\Estudo_ QA\treinamento_automacao">
<suite id="s1-s1" name="Tests" source="D:\Estudo_ QA\treinamento_automacao\Tests">
<suite id="s1-s1-s1" name="Suites" source="D:\Estudo_ QA\treinamento_automacao\Tests\Suites">
<suite id="s1-s1-s1-s1" name="Test cadastro cliente" source="D:\Estudo_ QA\treinamento_automacao\Tests\Suites\Test_cadastro_cliente.robot">
<test id="s1-s1-s1-s1-t1" name="Cenário de teste 02: Cadstrando Usuario com dados validos" line="18">
<kw name="Abrir Navegador" owner="Hooks" type="SETUP">
<kw name="Open Browser" owner="SeleniumLibrary">
<msg time="2025-02-20T17:31:16.990911" level="INFO">Opening browser 'chrome' to base url 'https://automationpratice.com.br'.</msg>
<arg>${URL}</arg>
<arg>${BROWSER}</arg>
<doc>Opens a new browser instance to the optional ``url``.</doc>
<status status="PASS" start="2025-02-20T17:31:16.990911" elapsed="1.825477"/>
</kw>
<kw name="Maximize Browser Window" owner="SeleniumLibrary">
<doc>Maximizes current browser window.</doc>
<status status="PASS" start="2025-02-20T17:31:18.817476" elapsed="0.033086"/>
</kw>
<status status="PASS" start="2025-02-20T17:31:16.989911" elapsed="1.861651"/>
</kw>
<kw name="Deve conter o título do site" owner="Page_cadastro_cliente">
<kw name="Title Should Be" owner="SeleniumLibrary">
<msg time="2025-02-20T17:31:18.859171" level="INFO">Page title is 'QAZANDO Shop E-Commerce'.</msg>
<arg>QAZANDO Shop E-Commerce</arg>
<doc>Verifies that the current page title equals ``title``.</doc>
<status status="PASS" start="2025-02-20T17:31:18.851562" elapsed="0.008615"/>
</kw>
<kw name="Sleep" owner="BuiltIn">
<msg time="2025-02-20T17:31:23.861324" level="INFO">Slept 5 seconds.</msg>
<arg>5s</arg>
<doc>Pauses the test executed for the given time.</doc>
<status status="PASS" start="2025-02-20T17:31:18.860177" elapsed="5.001734"/>
</kw>
<status status="PASS" start="2025-02-20T17:31:18.851562" elapsed="5.010349"/>
</kw>
<kw name="Aguardar o elemento de texto cilcavel esteja visivel" owner="Page_cadastro_cliente">
<kw name="Wait Until Element Is Visible" owner="SeleniumLibrary">
<arg>xpath=//a[contains(.,'Cadastro')]</arg>
<doc>Waits until the element ``locator`` is visible.</doc>
<status status="PASS" start="2025-02-20T17:31:23.862918" elapsed="0.023291"/>
</kw>
<status status="PASS" start="2025-02-20T17:31:23.861911" elapsed="0.024298"/>
</kw>
<kw name="Deve poder clilcar no texto clicavel" owner="Page_cadastro_cliente">
<kw name="Click Element" owner="SeleniumLibrary">
<msg time="2025-02-20T17:31:23.887289" level="INFO">Clicking element 'xpath=//a[contains(.,'Cadastro')]'.</msg>
<arg>xpath=//a[contains(.,'Cadastro')]</arg>
<doc>Click the element identified by ``locator``.</doc>
<status status="PASS" start="2025-02-20T17:31:23.887289" elapsed="0.057091"/>
</kw>
<status status="PASS" start="2025-02-20T17:31:23.887289" elapsed="0.057091"/>
</kw>
<kw name="Validando se a tela é a correta Titulo da Pagina" owner="Page_cadastro_cliente">
<kw name="Wait Until Element Contains" owner="SeleniumLibrary">
<arg>xpath=//h3[contains(.,'Cadastro de usuário')]</arg>
<arg>Cadastro de usuário</arg>
<doc>Waits until the element ``locator`` contains ``text``.</doc>
<status status="PASS" start="2025-02-20T17:31:23.945380" elapsed="0.434057"/>
</kw>
<status status="PASS" start="2025-02-20T17:31:23.944380" elapsed="0.435057"/>
</kw>
<kw name="Aguardar o elemento do campo Nome ficar visível" owner="Page_cadastro_cliente">
<kw name="Wait Until Element Is Visible" owner="SeleniumLibrary">
<arg>xpath=//input[contains(@id,'user')]</arg>
<arg>10s</arg>
<doc>Waits until the element ``locator`` is visible.</doc>
<status status="PASS" start="2025-02-20T17:31:24.379437" elapsed="0.019145"/>
</kw>
<status status="PASS" start="2025-02-20T17:31:24.379437" elapsed="0.020651"/>
</kw>
<kw name="Deve poder digitar no campo Nome" owner="Page_cadastro_cliente">
<kw name="Input Text" owner="SeleniumLibrary">
<msg time="2025-02-20T17:31:24.400088" level="INFO">Typing text 'João da Silva' into text field 'xpath=//input[contains(@id,'user')]'.</msg>
<arg>xpath=//input[contains(@id,'user')]</arg>
<arg>João da Silva</arg>
<doc>Types the given ``text`` into the text field identified by ``locator``.</doc>
<status status="PASS" start="2025-02-20T17:31:24.400088" elapsed="0.070933"/>
</kw>
<status status="PASS" start="2025-02-20T17:31:24.400088" elapsed="0.070933"/>
</kw>
<kw name="Deve poder digitar no campo email" owner="Page_cadastro_cliente">
<kw name="Input Text" owner="SeleniumLibrary">
<msg time="2025-02-20T17:31:24.472018" level="INFO">Typing text '0Y4YU@example.com' into text field 'xpath=//input[contains(@id,'email')]'.</msg>
<arg>xpath=//input[contains(@id,'email')]</arg>
<arg>0Y4YU@example.com</arg>
<doc>Types the given ``text`` into the text field identified by ``locator``.</doc>
<status status="PASS" start="2025-02-20T17:31:24.472018" elapsed="0.070567"/>
</kw>
<status status="PASS" start="2025-02-20T17:31:24.471021" elapsed="0.071564"/>
</kw>
<kw name="Deve poder digitar no campo senha" owner="Page_cadastro_cliente">
<kw name="Input Text" owner="SeleniumLibrary">
<msg time="2025-02-20T17:31:24.543584" level="INFO">Typing text '123456' into text field 'xpath=//input[contains(@id,'password')]'.</msg>
<arg>xpath=//input[contains(@id,'password')]</arg>
<arg>123456</arg>
<doc>Types the given ``text`` into the text field identified by ``locator``.</doc>
<status status="PASS" start="2025-02-20T17:31:24.543584" elapsed="0.061371"/>
</kw>
<status status="PASS" start="2025-02-20T17:31:24.542585" elapsed="0.062370"/>
</kw>
<kw name="Deve poder clicar no botao cadastrar" owner="Page_cadastro_cliente">
<kw name="Click Element" owner="SeleniumLibrary">
<msg time="2025-02-20T17:31:24.605957" level="INFO">Clicking element 'xpath=//button[contains(@id,'btnRegister')]'.</msg>
<arg>xpath=//button[contains(@id,'btnRegister')]</arg>
<doc>Click the element identified by ``locator``.</doc>
<status status="PASS" start="2025-02-20T17:31:24.605957" elapsed="0.057372"/>
</kw>
<status status="PASS" start="2025-02-20T17:31:24.605957" elapsed="0.057372"/>
</kw>
<kw name="Deve validar o sucesso do cadastro" owner="Page_cadastro_cliente">
<kw name="Wait Until Element Is Visible" owner="SeleniumLibrary">
<arg>xpath=//h2[@class='swal2-title'][contains(.,'Cadastro realizado!')]</arg>
<doc>Waits until the element ``locator`` is visible.</doc>
<status status="PASS" start="2025-02-20T17:31:24.663329" elapsed="0.023007"/>
</kw>
<kw name="Element Text Should Be" owner="SeleniumLibrary">
<msg time="2025-02-20T17:31:24.686336" level="INFO">Verifying element 'xpath=//h2[@class='swal2-title'][contains(.,'Cadastro realizado!')]' contains exact text 'Cadastro realizado!'.</msg>
<arg>xpath=//h2[@class='swal2-title'][contains(.,'Cadastro realizado!')]</arg>
<arg>Cadastro realizado!</arg>
<doc>Verifies that element ``locator`` contains exact the text ``expected``.</doc>
<status status="PASS" start="2025-02-20T17:31:24.686336" elapsed="0.011999"/>
</kw>
<status status="PASS" start="2025-02-20T17:31:24.663329" elapsed="0.035006"/>
</kw>
<kw name="Fechar Navegador" owner="Hooks" type="TEARDOWN">
<kw name="Close Browser" owner="SeleniumLibrary">
<doc>Closes the current browser.</doc>
<status status="PASS" start="2025-02-20T17:31:24.699843" elapsed="2.256664"/>
</kw>
<status status="PASS" start="2025-02-20T17:31:24.699843" elapsed="2.256664"/>
</kw>
<tag>Validar_cadastro_com_dados_validos</tag>
<status status="PASS" start="2025-02-20T17:31:16.988911" elapsed="9.968589"/>
</test>
<doc>Aqui ficarão todos os cenários</doc>
<status status="PASS" start="2025-02-20T17:31:16.802233" elapsed="10.155267"/>
</suite>
<status status="PASS" start="2025-02-20T17:31:16.800234" elapsed="10.158265"/>
</suite>
<status status="PASS" start="2025-02-20T17:31:16.799233" elapsed="10.160266"/>
</suite>
<status status="PASS" start="2025-02-20T17:31:16.781160" elapsed="10.179338"/>
</suite>
<statistics>
<total>
<stat pass="1" fail="0" skip="0">All Tests</stat>
</total>
<tag>
<stat pass="1" fail="0" skip="0">Validar_cadastro_com_dados_validos</stat>
</tag>
<suite>
<stat name="Treinamento Automacao" id="s1" pass="1" fail="0" skip="0">Treinamento Automacao</stat>
<stat name="Tests" id="s1-s1" pass="1" fail="0" skip="0">Treinamento Automacao.Tests</stat>
<stat name="Suites" id="s1-s1-s1" pass="1" fail="0" skip="0">Treinamento Automacao.Tests.Suites</stat>
<stat name="Test cadastro cliente" id="s1-s1-s1-s1" pass="1" fail="0" skip="0">Treinamento Automacao.Tests.Suites.Test cadastro cliente</stat>
</suite>
</statistics>
<errors>
</errors>
</robot>
